<?xml version="1.0" encoding="UTF-8"?>
<!-- Generated by org.testng.reporters.JUnitReportReporter -->
<testsuite hostname="Aakash" failures="0" tests="1" name="WithoutBrowserFactory.Test_Demo" time="48.894" errors="0" timestamp="2024-01-06T14:32:24 IST" skipped="0">
  <testcase classname="WithoutBrowserFactory.Test_Demo" name="setUp" time="48.894"/>
  <system-out/>
</testsuite> <!-- WithoutBrowserFactory.Test_Demo -->
