<?xml version="1.0" encoding="UTF-8"?>
<!-- Generated by org.testng.reporters.JUnitReportReporter -->
<testsuite hostname="Aakash" failures="0" tests="3" name="CrossBrowser.CB" time="95.568" errors="0" timestamp="2024-01-06T20:46:58 IST" skipped="0">
  <testcase classname="CrossBrowser.CB" name="test1" time="16.618"/>
  <system-out/>
  <testcase classname="CrossBrowser.CB" name="test1" time="27.265"/>
  <system-out/>
  <testcase classname="CrossBrowser.CB" name="test1" time="51.685"/>
  <system-out/>
</testsuite> <!-- CrossBrowser.CB -->
