<?xml version="1.0" encoding="UTF-8"?>
<!-- Generated by org.testng.reporters.JUnitReportReporter -->
<testsuite hostname="Aakash" failures="0" tests="1" name="dataDriven.ExcelExample" time="1.401" errors="0" timestamp="2024-01-04T18:40:08 IST" skipped="0">
  <testcase classname="dataDriven.ExcelExample" name="setupClass" time="1.401"/>
  <system-out/>
</testsuite> <!-- dataDriven.ExcelExample -->
